<?xml version="1.0" encoding="UTF-8"?>
<!-- Generated by org.testng.reporters.JUnitReportReporter -->
<testsuite skipped="0" hostname="Home-PC" name="test.ApprovedTimeSheetTest" tests="2" failures="0" timestamp="2020-05-19T21:14:51 IST" time="15.048" errors="0">
  <testcase name="first" time="6.006" classname="test.ApprovedTimeSheetTest"/>
  <system-out/>
  <testcase name="testApproved" time="9.042" classname="test.ApprovedTimeSheetTest"/>
  <system-out/>
</testsuite> <!-- test.ApprovedTimeSheetTest -->
