<?xml version="1.0" encoding="UTF-8"?>
<!-- Generated by org.testng.reporters.JUnitReportReporter -->
<testsuite skipped="0" hostname="Home-PC" name="test.LoginTest" tests="1" failures="0" timestamp="2020-05-15T21:21:59 IST" time="3.367" errors="0">
  <testcase name="main" time="3.367" classname="test.LoginTest"/>
  <system-out/>
</testsuite> <!-- test.LoginTest -->
