<?xml version="1.0" encoding="UTF-8"?>
<!-- Generated by org.testng.reporters.JUnitReportReporter -->
<testsuite skipped="0" hostname="DESKTOP-99UMBGP" name="test.ApprovedTimeSheetTest" tests="3" failures="0" timestamp="2020-05-17T18:57:51 IST" time="99.334" errors="0">
  <testcase name="first" time="4.551" classname="test.ApprovedTimeSheetTest"/>
  <system-out/>
  <testcase name="second" time="46.207" classname="test.ApprovedTimeSheetTest"/>
  <system-out/>
  <testcase name="t" time="48.576" classname="test.ApprovedTimeSheetTest"/>
  <system-out/>
</testsuite> <!-- test.ApprovedTimeSheetTest -->
