<?xml version="1.0" encoding="UTF-8"?>
<!-- Generated by org.testng.reporters.JUnitReportReporter -->
<testsuite skipped="0" hostname="DESKTOP-99UMBGP" name="test.TimeSheetTest" tests="2" failures="0" timestamp="2020-05-17T18:45:38 IST" time="19.182" errors="0">
  <testcase name="first" time="3.583" classname="test.TimeSheetTest"/>
  <system-out/>
  <testcase name="second" time="15.599" classname="test.TimeSheetTest"/>
  <system-out/>
</testsuite> <!-- test.TimeSheetTest -->
