<?xml version="1.0" encoding="UTF-8"?>
<!-- Generated by org.testng.reporters.JUnitReportReporter -->
<testsuite skipped="0" hostname="Home-PC" name="test.CompleteTest" tests="1" failures="0" timestamp="2020-05-15T21:24:54 IST" time="20.428" errors="0">
  <testcase name="main" time="20.428" classname="test.CompleteTest"/>
  <system-out/>
</testsuite> <!-- test.CompleteTest -->
