<?xml version="1.0" encoding="UTF-8"?>
<!-- Generated by org.testng.reporters.JUnitReportReporter -->
<testsuite skipped="0" hostname="Home-PC" name="test.TimeSheetTest" tests="2" failures="0" timestamp="2020-05-15T21:53:03 IST" time="19.412" errors="0">
  <testcase name="f" time="15.838" classname="test.TimeSheetTest"/>
  <system-out/>
  <testcase name="main" time="3.574" classname="test.TimeSheetTest"/>
  <system-out/>
</testsuite> <!-- test.TimeSheetTest -->
