<?xml version="1.0" encoding="UTF-8"?>
<!-- Generated by org.testng.reporters.JUnitReportReporter -->
<testsuite skipped="0" hostname="Home-PC" name="test.CompleteTest" tests="1" failures="0" timestamp="2020-05-20T21:40:08 IST" time="61.605" errors="0">
  <testcase name="main" time="61.605" classname="test.CompleteTest"/>
  <system-out/>
</testsuite> <!-- test.CompleteTest -->
