<?xml version="1.0" encoding="UTF-8"?>
<!-- Generated by org.testng.reporters.JUnitReportReporter -->
<testsuite skipped="0" hostname="Home-PC" name="test.CreateTimeSheetTest" tests="4" failures="0" timestamp="2020-05-19T19:28:34 IST" time="130.028" errors="0">
  <testcase name="first" time="6.363" classname="test.CreateTimeSheetTest"/>
  <system-out/>
  <testcase name="second" time="20.477" classname="test.CreateTimeSheetTest"/>
  <system-out/>
  <testcase name="t" time="39.678" classname="test.CreateTimeSheetTest"/>
  <system-out/>
  <testcase name="f" time="63.510" classname="test.CreateTimeSheetTest"/>
  <system-out/>
</testsuite> <!-- test.CreateTimeSheetTest -->
