<?xml version="1.0" encoding="UTF-8"?>
<!-- Generated by org.testng.reporters.JUnitReportReporter -->
<testsuite skipped="0" hostname="Home-PC" name="test.CompleteTest" tests="5" failures="0" timestamp="2020-05-27T21:58:54 IST" time="154.334" errors="0">
  <testcase name="LoginPageTest" time="4.917" classname="test.CompleteTest"/>
  <system-out/>
  <testcase name="TimeSheetTest" time="18.499" classname="test.CompleteTest"/>
  <system-out/>
  <testcase name="ApprovedTimeSheetTest" time="4.018" classname="test.CompleteTest"/>
  <system-out/>
  <testcase name="CreateTimeSheet" time="54.518" classname="test.CompleteTest"/>
  <system-out/>
  <testcase name="pendingTimeSheetTest" time="72.382" classname="test.CompleteTest"/>
  <system-out/>
</testsuite> <!-- test.CompleteTest -->
