<?xml version="1.0" encoding="UTF-8"?>
<!-- Generated by org.testng.reporters.JUnitReportReporter -->
<testsuite skipped="0" hostname="Home-PC" name="test.TimeSheetTest" tests="2" failures="0" timestamp="2020-05-20T20:36:59 IST" time="19.643" errors="0">
  <testcase name="second" time="15.123" classname="test.TimeSheetTest"/>
  <system-out/>
  <testcase name="first" time="4.520" classname="test.TimeSheetTest"/>
  <system-out/>
</testsuite> <!-- test.TimeSheetTest -->
